Non white listed binary found: /tmp/repos/lsoapi/ping
Non white listed binary found: /tmp/repos/lsoapi/ping
Non white listed binary found: /tmp/repos/lsoapi/ping
Non white listed binary found: /tmp/repos/lsoapi/ping
Non white listed binary found: /tmp/repos/lsoapi/ping
Non white listed binary found: /tmp/repos/lsoapi/ping
Non white listed binary found: /tmp/repos/lsoapi/ping
Non white listed binary found: /tmp/repos/lsoapi/ping
Non white listed binary found: /tmp/repos/lsoapi/ping
Non white listed binary found: /tmp/repos/lsoapi/ping
Non white listed binary found: /tmp/repos/lsoapi/ping
Non white listed binary found: /tmp/repos/lsoapi/ping
Non white listed binary found: /tmp/repos/lsoapi/ping
Non white listed binary found: /tmp/repos/lsoapi/ping
Non white listed binary found: /tmp/repos/lsoapi/ping
Non white listed binary found: /tmp/repos/lsoapi/ping
Non white listed binary found: /tmp/repos/kvmfornfv/qemu/tests/tcg/pi_10.com
Non white listed binary found: /tmp/repos/kvmfornfv/qemu/tests/qemu-iotests/sample_images/virtualpc-dynamic.vhd.bz2
Non white listed binary found: /tmp/repos/kvmfornfv/qemu/tests/qemu-iotests/sample_images/test-disk2vhd.vhdx.bz2
Non white listed binary found: /tmp/repos/kvmfornfv/qemu/tests/qemu-iotests/sample_images/simple-pattern.cloop.bz2
Non white listed binary found: /tmp/repos/kvmfornfv/qemu/tests/qemu-iotests/sample_images/parallels-v2.bz2
Non white listed binary found: /tmp/repos/kvmfornfv/qemu/tests/qemu-iotests/sample_images/parallels-v1.bz2
Non white listed binary found: /tmp/repos/kvmfornfv/qemu/tests/qemu-iotests/sample_images/iotest-version3.vmdk.bz2
Non white listed binary found: /tmp/repos/kvmfornfv/qemu/tests/qemu-iotests/sample_images/iotest-dynamic-1G.vhdx.bz2
Non white listed binary found: /tmp/repos/kvmfornfv/qemu/tests/qemu-iotests/sample_images/iotest-dirtylog-10G-4M.vhdx.bz2
Non white listed binary found: /tmp/repos/kvmfornfv/qemu/tests/qemu-iotests/sample_images/hyperv2012r2-dynamic.vhd.bz2
Non white listed binary found: /tmp/repos/kvmfornfv/qemu/tests/qemu-iotests/sample_images/grub_mbr.raw.bz2
Non white listed binary found: /tmp/repos/kvmfornfv/qemu/tests/qemu-iotests/sample_images/empty.bochs.bz2
Non white listed binary found: /tmp/repos/kvmfornfv/qemu/tests/qemu-iotests/sample_images/d2v-zerofilled.vhd.bz2
Non white listed binary found: /tmp/repos/kvmfornfv/qemu/tests/qemu-iotests/sample_images/afl9.vmdk.bz2
Non white listed binary found: /tmp/repos/kvmfornfv/qemu/tests/qemu-iotests/sample_images/afl5.img.bz2
Non white listed binary found: /tmp/repos/lsoapi/ping
Non white listed binary found: /tmp/repos/kvmfornfv/qemu/tests/tcg/pi_10.com
Non white listed binary found: /tmp/repos/kvmfornfv/qemu/tests/qemu-iotests/sample_images/virtualpc-dynamic.vhd.bz2
Non white listed binary found: /tmp/repos/kvmfornfv/qemu/tests/qemu-iotests/sample_images/test-disk2vhd.vhdx.bz2
Non white listed binary found: /tmp/repos/kvmfornfv/qemu/tests/qemu-iotests/sample_images/simple-pattern.cloop.bz2
Non white listed binary found: /tmp/repos/kvmfornfv/qemu/tests/qemu-iotests/sample_images/parallels-v2.bz2
Non white listed binary found: /tmp/repos/kvmfornfv/qemu/tests/qemu-iotests/sample_images/parallels-v1.bz2
Non white listed binary found: /tmp/repos/kvmfornfv/qemu/tests/qemu-iotests/sample_images/iotest-version3.vmdk.bz2
Non white listed binary found: /tmp/repos/kvmfornfv/qemu/tests/qemu-iotests/sample_images/iotest-dynamic-1G.vhdx.bz2
Non white listed binary found: /tmp/repos/kvmfornfv/qemu/tests/qemu-iotests/sample_images/iotest-dirtylog-10G-4M.vhdx.bz2
Non white listed binary found: /tmp/repos/kvmfornfv/qemu/tests/qemu-iotests/sample_images/hyperv2012r2-dynamic.vhd.bz2
Non white listed binary found: /tmp/repos/kvmfornfv/qemu/tests/qemu-iotests/sample_images/grub_mbr.raw.bz2
Non white listed binary found: /tmp/repos/kvmfornfv/qemu/tests/qemu-iotests/sample_images/empty.bochs.bz2
Non white listed binary found: /tmp/repos/kvmfornfv/qemu/tests/qemu-iotests/sample_images/d2v-zerofilled.vhd.bz2
Non white listed binary found: /tmp/repos/kvmfornfv/qemu/tests/qemu-iotests/sample_images/afl9.vmdk.bz2
Non white listed binary found: /tmp/repos/kvmfornfv/qemu/tests/qemu-iotests/sample_images/afl5.img.bz2
Non white listed binary found: /tmp/repos/kvmfornfv/qemu/tests/acpi-test-data/q35/MCFG
Non white listed binary found: /tmp/repos/kvmfornfv/qemu/tests/acpi-test-data/q35/FACS
Non white listed binary found: /tmp/repos/kvmfornfv/qemu/tests/acpi-test-data/q35/FACP
Non white listed binary found: /tmp/repos/kvmfornfv/qemu/tests/acpi-test-data/q35/DSDT.bridge
Non white listed binary found: /tmp/repos/kvmfornfv/qemu/tests/acpi-test-data/q35/DSDT
Non white listed binary found: /tmp/repos/kvmfornfv/qemu/tests/acpi-test-data/q35/APIC
Non white listed binary found: /tmp/repos/kvmfornfv/qemu/tests/acpi-test-data/pc/FACS
Non white listed binary found: /tmp/repos/kvmfornfv/qemu/tests/acpi-test-data/pc/FACP
Non white listed binary found: /tmp/repos/kvmfornfv/qemu/tests/acpi-test-data/pc/DSDT.bridge
Non white listed binary found: /tmp/repos/kvmfornfv/qemu/tests/acpi-test-data/pc/DSDT
Non white listed binary found: /tmp/repos/kvmfornfv/qemu/tests/acpi-test-data/pc/APIC
Non white listed binary found: /tmp/repos/kvmfornfv/qemu/roms/u-boot/tools/logos/wandboard.bmp
Non white listed binary found: /tmp/repos/kvmfornfv/qemu/roms/u-boot/tools/logos/syteco.bmp
Non white listed binary found: /tmp/repos/kvmfornfv/qemu/roms/u-boot/tools/logos/siemens.bmp
Non white listed binary found: /tmp/repos/kvmfornfv/qemu/roms/u-boot/tools/logos/ronetix.bmp
Non white listed binary found: /tmp/repos/kvmfornfv/qemu/roms/u-boot/tools/logos/linux_logo_ttcontrol_palfin.bmp
Non white listed binary found: /tmp/repos/kvmfornfv/qemu/roms/u-boot/tools/logos/linux_logo_ttcontrol.bmp
Non white listed binary found: /tmp/repos/kvmfornfv/qemu/roms/u-boot/tools/logos/intercontrol.bmp
Non white listed binary found: /tmp/repos/kvmfornfv/qemu/roms/u-boot/tools/logos/freescale.bmp
Non white listed binary found: /tmp/repos/kvmfornfv/qemu/roms/u-boot/tools/logos/esd.bmp
Non white listed binary found: /tmp/repos/kvmfornfv/qemu/roms/u-boot/tools/logos/denx.bmp
Non white listed binary found: /tmp/repos/kvmfornfv/qemu/roms/u-boot/tools/logos/atmel.bmp
Non white listed binary found: /tmp/repos/kvmfornfv/qemu/roms/u-boot/tools/easylogo/linux_logo.tga
Non white listed binary found: /tmp/repos/kvmfornfv/qemu/roms/u-boot/tools/easylogo/linux_blackfin.tga
Non white listed binary found: /tmp/repos/lsoapi/ping
Non white listed binary found: /tmp/repos/lsoapi/ping
Non white listed binary found: /tmp/repos/lsoapi/ping
